CalmareApp/app/build/intermediates/manifest_merge_blame_file/debug/processDebugMainManifest/manifest-merger-blame-debug-report.txt
1<?xml version="1.0" encoding="utf-8"?>
2<manifest xmlns:android="http://schemas.android.com/apk/res/android"
3    package="com.calmare.app"
4    android:versionCode="1"
5    android:versionName="1.0.0" >
6
7    <uses-sdk
8        android:minSdkVersion="24"
9        android:targetSdkVersion="34" />
10
11    <!-- Permissões para AdMob e conectividade -->
12    <uses-permission android:name="android.permission.INTERNET" />
12-->src\main\AndroidManifest.xml:6:5-67
12-->src\main\AndroidManifest.xml:6:22-64
13    <uses-permission android:name="android.permission.ACCESS_NETWORK_STATE" />
13-->src\main\AndroidManifest.xml:7:5-79
13-->src\main\AndroidManifest.xml:7:22-76
14    <uses-permission android:name="com.google.android.gms.permission.AD_ID" />
14-->src\main\AndroidManifest.xml:8:5-78
14-->src\main\AndroidManifest.xml:8:22-76
15
16    <!-- Permissões para notificações -->
17    <uses-permission android:name="android.permission.POST_NOTIFICATIONS" />
17-->src\main\AndroidManifest.xml:11:5-77
17-->src\main\AndroidManifest.xml:11:22-74
18    <uses-permission android:name="android.permission.SCHEDULE_EXACT_ALARM" />
18-->src\main\AndroidManifest.xml:12:5-79
18-->src\main\AndroidManifest.xml:12:22-76
19    <uses-permission android:name="android.permission.USE_EXACT_ALARM" />
19-->src\main\AndroidManifest.xml:13:5-74
19-->src\main\AndroidManifest.xml:13:22-71
20    <uses-permission android:name="android.permission.VIBRATE" />
20-->src\main\AndroidManifest.xml:14:5-66
20-->src\main\AndroidManifest.xml:14:22-63
21    <uses-permission android:name="android.permission.ACCESS_ADSERVICES_AD_ID" />
21-->[com.google.android.gms:play-services-ads-lite:23.6.0] AndroidManifest.xml:27:5-82
21-->[com.google.android.gms:play-services-ads-lite:23.6.0] AndroidManifest.xml:27:22-79
22    <uses-permission android:name="android.permission.ACCESS_ADSERVICES_ATTRIBUTION" />
22-->[com.google.android.gms:play-services-ads-lite:23.6.0] AndroidManifest.xml:28:5-88
22-->[com.google.android.gms:play-services-ads-lite:23.6.0] AndroidManifest.xml:28:22-85
23    <uses-permission android:name="android.permission.ACCESS_ADSERVICES_TOPICS" /> <!-- Android package visibility setting -->
23-->[com.google.android.gms:play-services-ads-lite:23.6.0] AndroidManifest.xml:29:5-83
23-->[com.google.android.gms:play-services-ads-lite:23.6.0] AndroidManifest.xml:29:22-80
24    <queries>
24-->[com.google.android.gms:play-services-ads-lite:23.6.0] AndroidManifest.xml:35:5-68:15
25
26        <!-- For browser content -->
27        <intent>
27-->[com.google.android.gms:play-services-ads-lite:23.6.0] AndroidManifest.xml:38:9-44:18
28            <action android:name="android.intent.action.VIEW" />
28-->[com.google.android.gms:play-services-ads-lite:23.6.0] AndroidManifest.xml:39:13-65
28-->[com.google.android.gms:play-services-ads-lite:23.6.0] AndroidManifest.xml:39:21-62
29
30            <category android:name="android.intent.category.BROWSABLE" />
30-->[com.google.android.gms:play-services-ads-lite:23.6.0] AndroidManifest.xml:41:13-74
30-->[com.google.android.gms:play-services-ads-lite:23.6.0] AndroidManifest.xml:41:23-71
31
32            <data android:scheme="https" />
32-->[com.google.android.gms:play-services-ads-lite:23.6.0] AndroidManifest.xml:43:13-44
32-->[com.google.android.gms:play-services-ads-lite:23.6.0] AndroidManifest.xml:43:19-41
33        </intent>
34        <!-- End of browser content -->
35        <!-- For CustomTabsService -->
36        <intent>
36-->[com.google.android.gms:play-services-ads-lite:23.6.0] AndroidManifest.xml:47:9-49:18
37            <action android:name="android.support.customtabs.action.CustomTabsService" />
37-->[com.google.android.gms:play-services-ads-lite:23.6.0] AndroidManifest.xml:48:13-90
37-->[com.google.android.gms:play-services-ads-lite:23.6.0] AndroidManifest.xml:48:21-87
38        </intent>
39        <!-- End of CustomTabsService -->
40        <!-- For MRAID capabilities -->
41        <intent>
41-->[com.google.android.gms:play-services-ads-lite:23.6.0] AndroidManifest.xml:52:9-56:18
42            <action android:name="android.intent.action.INSERT" />
42-->[com.google.android.gms:play-services-ads-lite:23.6.0] AndroidManifest.xml:53:13-67
42-->[com.google.android.gms:play-services-ads-lite:23.6.0] AndroidManifest.xml:53:21-64
43
44            <data android:mimeType="vnd.android.cursor.dir/event" />
44-->[com.google.android.gms:play-services-ads-lite:23.6.0] AndroidManifest.xml:43:13-44
45        </intent>
46        <intent>
46-->[com.google.android.gms:play-services-ads-lite:23.6.0] AndroidManifest.xml:57:9-61:18
47            <action android:name="android.intent.action.VIEW" />
47-->[com.google.android.gms:play-services-ads-lite:23.6.0] AndroidManifest.xml:39:13-65
47-->[com.google.android.gms:play-services-ads-lite:23.6.0] AndroidManifest.xml:39:21-62
48
49            <data android:scheme="sms" />
49-->[com.google.android.gms:play-services-ads-lite:23.6.0] AndroidManifest.xml:43:13-44
49-->[com.google.android.gms:play-services-ads-lite:23.6.0] AndroidManifest.xml:43:19-41
50        </intent>
51        <intent>
51-->[com.google.android.gms:play-services-ads-lite:23.6.0] AndroidManifest.xml:62:9-66:18
52            <action android:name="android.intent.action.DIAL" />
52-->[com.google.android.gms:play-services-ads-lite:23.6.0] AndroidManifest.xml:63:13-65
52-->[com.google.android.gms:play-services-ads-lite:23.6.0] AndroidManifest.xml:63:21-62
53
54            <data android:path="tel:" />
54-->[com.google.android.gms:play-services-ads-lite:23.6.0] AndroidManifest.xml:43:13-44
55        </intent>
56        <!-- End of MRAID capabilities -->
57        <intent>
57-->[com.android.billingclient:billing:7.0.0] AndroidManifest.xml:13:9-15:18
58            <action android:name="com.android.vending.billing.InAppBillingService.BIND" />
58-->[com.android.billingclient:billing:7.0.0] AndroidManifest.xml:14:13-91
58-->[com.android.billingclient:billing:7.0.0] AndroidManifest.xml:14:21-88
59        </intent>
60    </queries>
61
62    <uses-permission android:name="com.android.vending.BILLING" />
62-->[com.android.billingclient:billing-ktx:7.0.0] AndroidManifest.xml:9:5-67
62-->[com.android.billingclient:billing-ktx:7.0.0] AndroidManifest.xml:9:22-64
63    <uses-permission android:name="android.permission.WAKE_LOCK" />
63-->[com.google.android.gms:play-services-measurement-sdk-api:20.1.2] AndroidManifest.xml:25:5-68
63-->[com.google.android.gms:play-services-measurement-sdk-api:20.1.2] AndroidManifest.xml:25:22-65
64    <uses-permission android:name="android.permission.FOREGROUND_SERVICE" />
64-->[androidx.work:work-runtime:2.7.0] AndroidManifest.xml:28:5-77
64-->[androidx.work:work-runtime:2.7.0] AndroidManifest.xml:28:22-74
65
66    <permission
66-->[androidx.core:core:1.12.0] AndroidManifest.xml:22:5-24:47
67        android:name="com.calmare.app.DYNAMIC_RECEIVER_NOT_EXPORTED_PERMISSION"
67-->[androidx.core:core:1.12.0] AndroidManifest.xml:23:9-81
68        android:protectionLevel="signature" />
68-->[androidx.core:core:1.12.0] AndroidManifest.xml:24:9-44
69
70    <uses-permission android:name="com.calmare.app.DYNAMIC_RECEIVER_NOT_EXPORTED_PERMISSION" />
70-->[androidx.core:core:1.12.0] AndroidManifest.xml:26:5-97
70-->[androidx.core:core:1.12.0] AndroidManifest.xml:26:22-94
71
72    <application
72-->src\main\AndroidManifest.xml:16:5-74:19
73        android:allowBackup="true"
73-->src\main\AndroidManifest.xml:17:9-35
74        android:appComponentFactory="androidx.core.app.CoreComponentFactory"
74-->[androidx.core:core:1.12.0] AndroidManifest.xml:28:18-86
75        android:dataExtractionRules="@xml/data_extraction_rules"
75-->src\main\AndroidManifest.xml:18:9-65
76        android:debuggable="true"
77        android:extractNativeLibs="false"
78        android:fullBackupContent="@xml/backup_rules"
78-->src\main\AndroidManifest.xml:19:9-54
79        android:icon="@mipmap/ic_launcher"
79-->src\main\AndroidManifest.xml:20:9-43
80        android:label="@string/app_name"
80-->src\main\AndroidManifest.xml:21:9-41
81        android:roundIcon="@mipmap/ic_launcher_round"
81-->src\main\AndroidManifest.xml:22:9-54
82        android:supportsRtl="true"
82-->src\main\AndroidManifest.xml:23:9-35
83        android:testOnly="true"
84        android:theme="@style/Theme.Calmare" >
84-->src\main\AndroidManifest.xml:24:9-45
85
86        <!-- IMPORTANTE: Substitua ca-app-pub-XXXXXXXX~YYYYYYYYYY pelo seu AdMob App ID -->
87        <meta-data
87-->src\main\AndroidManifest.xml:28:9-30:69
88            android:name="com.google.android.gms.ads.APPLICATION_ID"
88-->src\main\AndroidManifest.xml:29:13-69
89            android:value="ca-app-pub-3940256099942544~3347511713" />
89-->src\main\AndroidManifest.xml:30:13-67
90        <!-- ID acima é de TESTE. Troque pelo seu ID real antes de publicar! -->
91
92
93        <!-- Splash Screen Activity -->
94        <activity
94-->src\main\AndroidManifest.xml:34:9-42:20
95            android:name="com.calmare.app.ui.SplashActivity"
95-->src\main\AndroidManifest.xml:35:13-46
96            android:exported="true"
96-->src\main\AndroidManifest.xml:36:13-36
97            android:theme="@style/Theme.Calmare.Splash" >
97-->src\main\AndroidManifest.xml:37:13-56
98            <intent-filter>
98-->src\main\AndroidManifest.xml:38:13-41:29
99                <action android:name="android.intent.action.MAIN" />
99-->src\main\AndroidManifest.xml:39:17-69
99-->src\main\AndroidManifest.xml:39:25-66
100
101                <category android:name="android.intent.category.LAUNCHER" />
101-->src\main\AndroidManifest.xml:40:17-77
101-->src\main\AndroidManifest.xml:40:27-74
102            </intent-filter>
103        </activity>
104
105        <!-- Main Activity -->
106        <activity
106-->src\main\AndroidManifest.xml:45:9-48:58
107            android:name="com.calmare.app.ui.MainActivity"
107-->src\main\AndroidManifest.xml:46:13-44
108            android:exported="false"
108-->src\main\AndroidManifest.xml:47:13-37
109            android:windowSoftInputMode="adjustResize" />
109-->src\main\AndroidManifest.xml:48:13-55
110
111        <!-- Premium/Subscription Activity -->
112        <activity
112-->src\main\AndroidManifest.xml:51:9-54:60
113            android:name="com.calmare.app.ui.PremiumActivity"
113-->src\main\AndroidManifest.xml:52:13-47
114            android:exported="false"
114-->src\main\AndroidManifest.xml:53:13-37
115            android:theme="@style/Theme.Calmare.Premium" />
115-->src\main\AndroidManifest.xml:54:13-57
116
117        <!-- Player Activity -->
118        <activity
118-->src\main\AndroidManifest.xml:57:9-60:52
119            android:name="com.calmare.app.ui.PlayerActivity"
119-->src\main\AndroidManifest.xml:58:13-46
120            android:exported="false"
120-->src\main\AndroidManifest.xml:59:13-37
121            android:screenOrientation="portrait" />
121-->src\main\AndroidManifest.xml:60:13-49
122
123        <!-- Settings Activity -->
124        <activity
124-->src\main\AndroidManifest.xml:63:9-66:61
125            android:name="com.calmare.app.ui.SettingsActivity"
125-->src\main\AndroidManifest.xml:64:13-48
126            android:exported="false"
126-->src\main\AndroidManifest.xml:65:13-37
127            android:parentActivityName="com.calmare.app.ui.MainActivity" />
127-->src\main\AndroidManifest.xml:66:13-58
128
129        <!-- Notification Receiver -->
130        <receiver
130-->src\main\AndroidManifest.xml:69:9-72:40
131            android:name="com.calmare.app.utils.NotificationReceiver"
131-->src\main\AndroidManifest.xml:70:13-55
132            android:enabled="true"
132-->src\main\AndroidManifest.xml:71:13-35
133            android:exported="false" />
133-->src\main\AndroidManifest.xml:72:13-37
134
135        <!-- Include the AdActivity and InAppPurchaseActivity configChanges and themes. -->
136        <activity
136-->[com.google.android.gms:play-services-ads-lite:23.6.0] AndroidManifest.xml:73:9-78:43
137            android:name="com.google.android.gms.ads.AdActivity"
137-->[com.google.android.gms:play-services-ads-lite:23.6.0] AndroidManifest.xml:74:13-65
138            android:configChanges="keyboard|keyboardHidden|orientation|screenLayout|uiMode|screenSize|smallestScreenSize"
138-->[com.google.android.gms:play-services-ads-lite:23.6.0] AndroidManifest.xml:75:13-122
139            android:exported="false"
139-->[com.google.android.gms:play-services-ads-lite:23.6.0] AndroidManifest.xml:76:13-37
140            android:theme="@android:style/Theme.Translucent" />
140-->[com.google.android.gms:play-services-ads-lite:23.6.0] AndroidManifest.xml:77:13-61
141
142        <provider
142-->[com.google.android.gms:play-services-ads-lite:23.6.0] AndroidManifest.xml:80:9-85:43
143            android:name="com.google.android.gms.ads.MobileAdsInitProvider"
143-->[com.google.android.gms:play-services-ads-lite:23.6.0] AndroidManifest.xml:81:13-76
144            android:authorities="com.calmare.app.mobileadsinitprovider"
144-->[com.google.android.gms:play-services-ads-lite:23.6.0] AndroidManifest.xml:82:13-73
145            android:exported="false"
145-->[com.google.android.gms:play-services-ads-lite:23.6.0] AndroidManifest.xml:83:13-37
146            android:initOrder="100" />
146-->[com.google.android.gms:play-services-ads-lite:23.6.0] AndroidManifest.xml:84:13-36
147
148        <service
148-->[com.google.android.gms:play-services-ads-lite:23.6.0] AndroidManifest.xml:87:9-91:43
149            android:name="com.google.android.gms.ads.AdService"
149-->[com.google.android.gms:play-services-ads-lite:23.6.0] AndroidManifest.xml:88:13-64
150            android:enabled="true"
150-->[com.google.android.gms:play-services-ads-lite:23.6.0] AndroidManifest.xml:89:13-35
151            android:exported="false" />
151-->[com.google.android.gms:play-services-ads-lite:23.6.0] AndroidManifest.xml:90:13-37
152
153        <activity
153-->[com.google.android.gms:play-services-ads-lite:23.6.0] AndroidManifest.xml:93:9-97:43
154            android:name="com.google.android.gms.ads.OutOfContextTestingActivity"
154-->[com.google.android.gms:play-services-ads-lite:23.6.0] AndroidManifest.xml:94:13-82
155            android:configChanges="keyboard|keyboardHidden|orientation|screenLayout|uiMode|screenSize|smallestScreenSize"
155-->[com.google.android.gms:play-services-ads-lite:23.6.0] AndroidManifest.xml:95:13-122
156            android:exported="false" />
156-->[com.google.android.gms:play-services-ads-lite:23.6.0] AndroidManifest.xml:96:13-37
157        <activity
157-->[com.google.android.gms:play-services-ads-lite:23.6.0] AndroidManifest.xml:98:9-105:43
158            android:name="com.google.android.gms.ads.NotificationHandlerActivity"
158-->[com.google.android.gms:play-services-ads-lite:23.6.0] AndroidManifest.xml:99:13-82
159            android:excludeFromRecents="true"
159-->[com.google.android.gms:play-services-ads-lite:23.6.0] AndroidManifest.xml:100:13-46
160            android:exported="false"
160-->[com.google.android.gms:play-services-ads-lite:23.6.0] AndroidManifest.xml:101:13-37
161            android:launchMode="singleTask"
161-->[com.google.android.gms:play-services-ads-lite:23.6.0] AndroidManifest.xml:102:13-44
162            android:taskAffinity=""
162-->[com.google.android.gms:play-services-ads-lite:23.6.0] AndroidManifest.xml:103:13-36
163            android:theme="@android:style/Theme.Translucent.NoTitleBar" />
163-->[com.google.android.gms:play-services-ads-lite:23.6.0] AndroidManifest.xml:104:13-72
164
165        <property
165-->[com.google.android.gms:play-services-ads-lite:23.6.0] AndroidManifest.xml:107:9-109:62
166            android:name="android.adservices.AD_SERVICES_CONFIG"
166-->[com.google.android.gms:play-services-ads-lite:23.6.0] AndroidManifest.xml:108:13-65
167            android:resource="@xml/gma_ad_services_config" />
167-->[com.google.android.gms:play-services-ads-lite:23.6.0] AndroidManifest.xml:109:13-59
168
169        <meta-data
169-->[com.android.billingclient:billing:7.0.0] AndroidManifest.xml:19:9-21:37
170            android:name="com.google.android.play.billingclient.version"
170-->[com.android.billingclient:billing:7.0.0] AndroidManifest.xml:20:13-73
171            android:value="7.0.0" />
171-->[com.android.billingclient:billing:7.0.0] AndroidManifest.xml:21:13-34
172
173        <activity
173-->[com.android.billingclient:billing:7.0.0] AndroidManifest.xml:23:9-27:75
174            android:name="com.android.billingclient.api.ProxyBillingActivity"
174-->[com.android.billingclient:billing:7.0.0] AndroidManifest.xml:24:13-78
175            android:configChanges="keyboard|keyboardHidden|screenLayout|screenSize|orientation"
175-->[com.android.billingclient:billing:7.0.0] AndroidManifest.xml:25:13-96
176            android:exported="false"
176-->[com.android.billingclient:billing:7.0.0] AndroidManifest.xml:26:13-37
177            android:theme="@android:style/Theme.Translucent.NoTitleBar" />
177-->[com.android.billingclient:billing:7.0.0] AndroidManifest.xml:27:13-72
178        <activity
178-->[com.android.billingclient:billing:7.0.0] AndroidManifest.xml:28:9-32:75
179            android:name="com.android.billingclient.api.ProxyBillingActivityV2"
179-->[com.android.billingclient:billing:7.0.0] AndroidManifest.xml:29:13-80
180            android:configChanges="keyboard|keyboardHidden|screenLayout|screenSize|orientation"
180-->[com.android.billingclient:billing:7.0.0] AndroidManifest.xml:30:13-96
181            android:exported="false"
181-->[com.android.billingclient:billing:7.0.0] AndroidManifest.xml:31:13-37
182            android:theme="@android:style/Theme.Translucent.NoTitleBar" />
182-->[com.android.billingclient:billing:7.0.0] AndroidManifest.xml:32:13-72
183        <activity
183-->[com.google.android.gms:play-services-base:18.3.0] AndroidManifest.xml:20:9-22:45
184            android:name="com.google.android.gms.common.api.GoogleApiActivity"
184-->[com.google.android.gms:play-services-base:18.3.0] AndroidManifest.xml:20:19-85
185            android:exported="false"
185-->[com.google.android.gms:play-services-base:18.3.0] AndroidManifest.xml:22:19-43
186            android:theme="@android:style/Theme.Translucent.NoTitleBar" />
186-->[com.google.android.gms:play-services-base:18.3.0] AndroidManifest.xml:21:19-78
187
188        <meta-data
188-->[com.google.android.gms:play-services-basement:18.4.0] AndroidManifest.xml:6:9-122
189            android:name="com.google.android.gms.version"
189-->[com.google.android.gms:play-services-basement:18.4.0] AndroidManifest.xml:6:20-65
190            android:value="@integer/google_play_services_version" />
190-->[com.google.android.gms:play-services-basement:18.4.0] AndroidManifest.xml:6:66-119
191
192        <provider
192-->[androidx.emoji2:emoji2:1.2.0] AndroidManifest.xml:24:9-32:20
193            android:name="androidx.startup.InitializationProvider"
193-->[androidx.emoji2:emoji2:1.2.0] AndroidManifest.xml:25:13-67
194            android:authorities="com.calmare.app.androidx-startup"
194-->[androidx.emoji2:emoji2:1.2.0] AndroidManifest.xml:26:13-68
195            android:exported="false" >
195-->[androidx.emoji2:emoji2:1.2.0] AndroidManifest.xml:27:13-37
196            <meta-data
196-->[androidx.emoji2:emoji2:1.2.0] AndroidManifest.xml:29:13-31:52
197                android:name="androidx.emoji2.text.EmojiCompatInitializer"
197-->[androidx.emoji2:emoji2:1.2.0] AndroidManifest.xml:30:17-75
198                android:value="androidx.startup" />
198-->[androidx.emoji2:emoji2:1.2.0] AndroidManifest.xml:31:17-49
199            <meta-data
199-->[androidx.work:work-runtime:2.7.0] AndroidManifest.xml:36:13-38:52
200                android:name="androidx.work.WorkManagerInitializer"
200-->[androidx.work:work-runtime:2.7.0] AndroidManifest.xml:37:17-68
201                android:value="androidx.startup" />
201-->[androidx.work:work-runtime:2.7.0] AndroidManifest.xml:38:17-49
202            <meta-data
202-->[androidx.lifecycle:lifecycle-process:2.7.0] AndroidManifest.xml:29:13-31:52
203                android:name="androidx.lifecycle.ProcessLifecycleInitializer"
203-->[androidx.lifecycle:lifecycle-process:2.7.0] AndroidManifest.xml:30:17-78
204                android:value="androidx.startup" />
204-->[androidx.lifecycle:lifecycle-process:2.7.0] AndroidManifest.xml:31:17-49
205            <meta-data
205-->[androidx.profileinstaller:profileinstaller:1.3.0] AndroidManifest.xml:29:13-31:52
206                android:name="androidx.profileinstaller.ProfileInstallerInitializer"
206-->[androidx.profileinstaller:profileinstaller:1.3.0] AndroidManifest.xml:30:17-85
207                android:value="androidx.startup" />
207-->[androidx.profileinstaller:profileinstaller:1.3.0] AndroidManifest.xml:31:17-49
208        </provider>
209
210        <service
210-->[androidx.work:work-runtime:2.7.0] AndroidManifest.xml:41:9-46:35
211            android:name="androidx.work.impl.background.systemalarm.SystemAlarmService"
211-->[androidx.work:work-runtime:2.7.0] AndroidManifest.xml:42:13-88
212            android:directBootAware="false"
212-->[androidx.work:work-runtime:2.7.0] AndroidManifest.xml:43:13-44
213            android:enabled="@bool/enable_system_alarm_service_default"
213-->[androidx.work:work-runtime:2.7.0] AndroidManifest.xml:44:13-72
214            android:exported="false" />
214-->[androidx.work:work-runtime:2.7.0] AndroidManifest.xml:45:13-37
215        <service
215-->[androidx.work:work-runtime:2.7.0] AndroidManifest.xml:47:9-53:35
216            android:name="androidx.work.impl.background.systemjob.SystemJobService"
216-->[androidx.work:work-runtime:2.7.0] AndroidManifest.xml:48:13-84
217            android:directBootAware="false"
217-->[androidx.work:work-runtime:2.7.0] AndroidManifest.xml:49:13-44
218            android:enabled="@bool/enable_system_job_service_default"
218-->[androidx.work:work-runtime:2.7.0] AndroidManifest.xml:50:13-70
219            android:exported="true"
219-->[androidx.work:work-runtime:2.7.0] AndroidManifest.xml:51:13-36
220            android:permission="android.permission.BIND_JOB_SERVICE" />
220-->[androidx.work:work-runtime:2.7.0] AndroidManifest.xml:52:13-69
221        <service
221-->[androidx.work:work-runtime:2.7.0] AndroidManifest.xml:54:9-59:35
222            android:name="androidx.work.impl.foreground.SystemForegroundService"
222-->[androidx.work:work-runtime:2.7.0] AndroidManifest.xml:55:13-81
223            android:directBootAware="false"
223-->[androidx.work:work-runtime:2.7.0] AndroidManifest.xml:56:13-44
224            android:enabled="@bool/enable_system_foreground_service_default"
224-->[androidx.work:work-runtime:2.7.0] AndroidManifest.xml:57:13-77
225            android:exported="false" />
225-->[androidx.work:work-runtime:2.7.0] AndroidManifest.xml:58:13-37
226
227        <receiver
227-->[androidx.work:work-runtime:2.7.0] AndroidManifest.xml:61:9-66:35
228            android:name="androidx.work.impl.utils.ForceStopRunnable$BroadcastReceiver"
228-->[androidx.work:work-runtime:2.7.0] AndroidManifest.xml:62:13-88
229            android:directBootAware="false"
229-->[androidx.work:work-runtime:2.7.0] AndroidManifest.xml:63:13-44
230            android:enabled="true"
230-->[androidx.work:work-runtime:2.7.0] AndroidManifest.xml:64:13-35
231            android:exported="false" />
231-->[androidx.work:work-runtime:2.7.0] AndroidManifest.xml:65:13-37
232        <receiver
232-->[androidx.work:work-runtime:2.7.0] AndroidManifest.xml:67:9-77:20
233            android:name="androidx.work.impl.background.systemalarm.ConstraintProxy$BatteryChargingProxy"
233-->[androidx.work:work-runtime:2.7.0] AndroidManifest.xml:68:13-106
234            android:directBootAware="false"
234-->[androidx.work:work-runtime:2.7.0] AndroidManifest.xml:69:13-44
235            android:enabled="false"
235-->[androidx.work:work-runtime:2.7.0] AndroidManifest.xml:70:13-36
236            android:exported="false" >
236-->[androidx.work:work-runtime:2.7.0] AndroidManifest.xml:71:13-37
237            <intent-filter>
237-->[androidx.work:work-runtime:2.7.0] AndroidManifest.xml:73:13-76:29
238                <action android:name="android.intent.action.ACTION_POWER_CONNECTED" />
238-->[androidx.work:work-runtime:2.7.0] AndroidManifest.xml:74:17-87
238-->[androidx.work:work-runtime:2.7.0] AndroidManifest.xml:74:25-84
239                <action android:name="android.intent.action.ACTION_POWER_DISCONNECTED" />
239-->[androidx.work:work-runtime:2.7.0] AndroidManifest.xml:75:17-90
239-->[androidx.work:work-runtime:2.7.0] AndroidManifest.xml:75:25-87
240            </intent-filter>
241        </receiver>
242        <receiver
242-->[androidx.work:work-runtime:2.7.0] AndroidManifest.xml:78:9-88:20
243            android:name="androidx.work.impl.background.systemalarm.ConstraintProxy$BatteryNotLowProxy"
243-->[androidx.work:work-runtime:2.7.0] AndroidManifest.xml:79:13-104
244            android:directBootAware="false"
244-->[androidx.work:work-runtime:2.7.0] AndroidManifest.xml:80:13-44
245            android:enabled="false"
245-->[androidx.work:work-runtime:2.7.0] AndroidManifest.xml:81:13-36
246            android:exported="false" >
246-->[androidx.work:work-runtime:2.7.0] AndroidManifest.xml:82:13-37
247            <intent-filter>
247-->[androidx.work:work-runtime:2.7.0] AndroidManifest.xml:84:13-87:29
248                <action android:name="android.intent.action.BATTERY_OKAY" />
248-->[androidx.work:work-runtime:2.7.0] AndroidManifest.xml:85:17-77
248-->[androidx.work:work-runtime:2.7.0] AndroidManifest.xml:85:25-74
249                <action android:name="android.intent.action.BATTERY_LOW" />
249-->[androidx.work:work-runtime:2.7.0] AndroidManifest.xml:86:17-76
249-->[androidx.work:work-runtime:2.7.0] AndroidManifest.xml:86:25-73
250            </intent-filter>
251        </receiver>
252        <receiver
252-->[androidx.work:work-runtime:2.7.0] AndroidManifest.xml:89:9-99:20
253            android:name="androidx.work.impl.background.systemalarm.ConstraintProxy$StorageNotLowProxy"
253-->[androidx.work:work-runtime:2.7.0] AndroidManifest.xml:90:13-104
254            android:directBootAware="false"
254-->[androidx.work:work-runtime:2.7.0] AndroidManifest.xml:91:13-44
255            android:enabled="false"
255-->[androidx.work:work-runtime:2.7.0] AndroidManifest.xml:92:13-36
256            android:exported="false" >
256-->[androidx.work:work-runtime:2.7.0] AndroidManifest.xml:93:13-37
257            <intent-filter>
257-->[androidx.work:work-runtime:2.7.0] AndroidManifest.xml:95:13-98:29
258                <action android:name="android.intent.action.DEVICE_STORAGE_LOW" />
258-->[androidx.work:work-runtime:2.7.0] AndroidManifest.xml:96:17-83
258-->[androidx.work:work-runtime:2.7.0] AndroidManifest.xml:96:25-80
259                <action android:name="android.intent.action.DEVICE_STORAGE_OK" />
259-->[androidx.work:work-runtime:2.7.0] AndroidManifest.xml:97:17-82
259-->[androidx.work:work-runtime:2.7.0] AndroidManifest.xml:97:25-79
260            </intent-filter>
261        </receiver>
262        <receiver
262-->[androidx.work:work-runtime:2.7.0] AndroidManifest.xml:100:9-109:20
263            android:name="androidx.work.impl.background.systemalarm.ConstraintProxy$NetworkStateProxy"
263-->[androidx.work:work-runtime:2.7.0] AndroidManifest.xml:101:13-103
264            android:directBootAware="false"
264-->[androidx.work:work-runtime:2.7.0] AndroidManifest.xml:102:13-44
265            android:enabled="false"
265-->[androidx.work:work-runtime:2.7.0] AndroidManifest.xml:103:13-36
266            android:exported="false" >
266-->[androidx.work:work-runtime:2.7.0] AndroidManifest.xml:104:13-37
267            <intent-filter>
267-->[androidx.work:work-runtime:2.7.0] AndroidManifest.xml:106:13-108:29
268                <action android:name="android.net.conn.CONNECTIVITY_CHANGE" />
268-->[androidx.work:work-runtime:2.7.0] AndroidManifest.xml:107:17-79
268-->[androidx.work:work-runtime:2.7.0] AndroidManifest.xml:107:25-76
269            </intent-filter>
270        </receiver>
271        <receiver
271-->[androidx.work:work-runtime:2.7.0] AndroidManifest.xml:110:9-121:20
272            android:name="androidx.work.impl.background.systemalarm.RescheduleReceiver"
272-->[androidx.work:work-runtime:2.7.0] AndroidManifest.xml:111:13-88
273            android:directBootAware="false"
273-->[androidx.work:work-runtime:2.7.0] AndroidManifest.xml:112:13-44
274            android:enabled="false"
274-->[androidx.work:work-runtime:2.7.0] AndroidManifest.xml:113:13-36
275            android:exported="false" >
275-->[androidx.work:work-runtime:2.7.0] AndroidManifest.xml:114:13-37
276            <intent-filter>
276-->[androidx.work:work-runtime:2.7.0] AndroidManifest.xml:116:13-120:29
277                <action android:name="android.intent.action.BOOT_COMPLETED" />
277-->[androidx.work:work-runtime:2.7.0] AndroidManifest.xml:117:17-79
277-->[androidx.work:work-runtime:2.7.0] AndroidManifest.xml:117:25-76
278                <action android:name="android.intent.action.TIME_SET" />
278-->[androidx.work:work-runtime:2.7.0] AndroidManifest.xml:118:17-73
278-->[androidx.work:work-runtime:2.7.0] AndroidManifest.xml:118:25-70
279                <action android:name="android.intent.action.TIMEZONE_CHANGED" />
279-->[androidx.work:work-runtime:2.7.0] AndroidManifest.xml:119:17-81
279-->[androidx.work:work-runtime:2.7.0] AndroidManifest.xml:119:25-78
280            </intent-filter>
281        </receiver>
282        <receiver
282-->[androidx.work:work-runtime:2.7.0] AndroidManifest.xml:122:9-131:20
283            android:name="androidx.work.impl.background.systemalarm.ConstraintProxyUpdateReceiver"
283-->[androidx.work:work-runtime:2.7.0] AndroidManifest.xml:123:13-99
284            android:directBootAware="false"
284-->[androidx.work:work-runtime:2.7.0] AndroidManifest.xml:124:13-44
285            android:enabled="@bool/enable_system_alarm_service_default"
285-->[androidx.work:work-runtime:2.7.0] AndroidManifest.xml:125:13-72